2022-09-28 18:45:47.166  INFO 20196 --- [restartedMain] c.e.petclinic.PetClinicApplication       : Starting PetClinicApplication using Java 17.0.2 on DESKTOP-VJAHNT7 with PID 20196 (C:\Users\kerim\IdeaProjects\PetClinic\target\classes started by kerim in C:\Users\kerim\IdeaProjects\PetClinic)
2022-09-28 18:45:47.170  INFO 20196 --- [restartedMain] c.e.petclinic.PetClinicApplication       : The following 1 profile is active: "dev"
2022-09-28 18:45:47.221  INFO 20196 --- [restartedMain] .e.DevToolsPropertyDefaultsPostProcessor : Devtools property defaults active! Set 'spring.devtools.add-properties' to 'false' to disable
2022-09-28 18:45:47.221  INFO 20196 --- [restartedMain] .e.DevToolsPropertyDefaultsPostProcessor : For additional web related logging consider setting the 'logging.level.web' property to 'DEBUG'
2022-09-28 18:45:48.303  INFO 20196 --- [restartedMain] o.s.b.w.embedded.tomcat.TomcatWebServer  : Tomcat initialized with port(s): 8080 (http)
2022-09-28 18:45:48.314  INFO 20196 --- [restartedMain] o.apache.catalina.core.StandardService   : Starting service [Tomcat]
2022-09-28 18:45:48.315  INFO 20196 --- [restartedMain] org.apache.catalina.core.StandardEngine  : Starting Servlet engine: [Apache Tomcat/9.0.65]
2022-09-28 18:45:48.535  INFO 20196 --- [restartedMain] org.apache.jasper.servlet.TldScanner     : At least one JAR was scanned for TLDs yet contained no TLDs. Enable debug logging for this logger for a complete list of JARs that were scanned but no TLDs were found in them. Skipping unneeded JARs during scanning can improve startup time and JSP compilation time.
2022-09-28 18:45:48.554  INFO 20196 --- [restartedMain] o.a.c.c.C.[Tomcat].[localhost].[/]       : Initializing Spring embedded WebApplicationContext
2022-09-28 18:45:48.555  INFO 20196 --- [restartedMain] w.s.c.ServletWebServerApplicationContext : Root WebApplicationContext: initialization completed in 1333 ms
2022-09-28 18:45:48.860 DEBUG 20196 --- [restartedMain] s.w.s.m.m.a.RequestMappingHandlerAdapter : ControllerAdvice beans: 0 @ModelAttribute, 0 @InitBinder, 1 RequestBodyAdvice, 1 ResponseBodyAdvice
2022-09-28 18:45:48.893  INFO 20196 --- [restartedMain] o.s.b.a.w.s.WelcomePageHandlerMapping    : Adding welcome page: class path resource [public/index.html]
2022-09-28 18:45:48.937 DEBUG 20196 --- [restartedMain] s.w.s.m.m.a.RequestMappingHandlerMapping : 8 mappings in 'requestMappingHandlerMapping'
2022-09-28 18:45:48.957 DEBUG 20196 --- [restartedMain] o.s.w.s.handler.SimpleUrlHandlerMapping  : Patterns [/webjars/**, /**] in 'resourceHandlerMapping'
2022-09-28 18:45:48.963 DEBUG 20196 --- [restartedMain] .m.m.a.ExceptionHandlerExceptionResolver : ControllerAdvice beans: 0 @ExceptionHandler, 1 ResponseBodyAdvice
2022-09-28 18:45:49.202  INFO 20196 --- [restartedMain] o.s.b.d.a.OptionalLiveReloadServer       : LiveReload server is running on port 35729
2022-09-28 18:45:49.209  INFO 20196 --- [restartedMain] o.s.b.a.e.web.EndpointLinksResolver      : Exposing 15 endpoint(s) beneath base path '/actuator'
2022-09-28 18:45:49.258  INFO 20196 --- [restartedMain] o.s.b.w.embedded.tomcat.TomcatWebServer  : Tomcat started on port(s): 8080 (http) with context path ''
2022-09-28 18:45:49.277  INFO 20196 --- [restartedMain] c.e.petclinic.PetClinicApplication       : Started PetClinicApplication in 2.445 seconds (JVM running for 3.023)
2022-09-28 18:45:49.379  INFO 20196 --- [RMI TCP Connection(1)-192.168.1.33] o.a.c.c.C.[Tomcat].[localhost].[/]       : Initializing Spring DispatcherServlet 'dispatcherServlet'
2022-09-28 18:45:49.379  INFO 20196 --- [RMI TCP Connection(1)-192.168.1.33] o.s.web.servlet.DispatcherServlet        : Initializing Servlet 'dispatcherServlet'
2022-09-28 18:45:49.379 DEBUG 20196 --- [RMI TCP Connection(1)-192.168.1.33] o.s.web.servlet.DispatcherServlet        : Detected StandardServletMultipartResolver
2022-09-28 18:45:49.379 DEBUG 20196 --- [RMI TCP Connection(1)-192.168.1.33] o.s.web.servlet.DispatcherServlet        : Detected AcceptHeaderLocaleResolver
2022-09-28 18:45:49.379 DEBUG 20196 --- [RMI TCP Connection(1)-192.168.1.33] o.s.web.servlet.DispatcherServlet        : Detected FixedThemeResolver
2022-09-28 18:45:49.380 DEBUG 20196 --- [RMI TCP Connection(1)-192.168.1.33] o.s.web.servlet.DispatcherServlet        : Detected org.springframework.web.servlet.view.DefaultRequestToViewNameTranslator@453ec46b
2022-09-28 18:45:49.380 DEBUG 20196 --- [RMI TCP Connection(1)-192.168.1.33] o.s.web.servlet.DispatcherServlet        : Detected org.springframework.web.servlet.support.SessionFlashMapManager@276f9d7f
2022-09-28 18:45:49.380 DEBUG 20196 --- [RMI TCP Connection(1)-192.168.1.33] o.s.web.servlet.DispatcherServlet        : enableLoggingRequestDetails='false': request parameters and headers will be masked to prevent unsafe logging of potentially sensitive data
2022-09-28 18:45:49.380  INFO 20196 --- [RMI TCP Connection(1)-192.168.1.33] o.s.web.servlet.DispatcherServlet        : Completed initialization in 1 ms
2022-09-28 18:45:55.532 DEBUG 20196 --- [http-nio-8080-exec-1] o.s.web.servlet.DispatcherServlet        : GET "/owners", parameters={}
2022-09-28 18:45:55.540 DEBUG 20196 --- [http-nio-8080-exec-1] s.w.s.m.m.a.RequestMappingHandlerMapping : Mapped to com.example.petclinic.web.PetClinicController#getOwners()
2022-09-28 18:45:55.550 DEBUG 20196 --- [http-nio-8080-exec-1] o.s.w.s.v.ContentNegotiatingViewResolver : Selected 'text/html' given [text/html, application/xhtml+xml, image/avif, image/webp, image/apng, application/xml;q=0.9, application/signed-exchange;v=b3;q=0.9, */*;q=0.8]
2022-09-28 18:45:55.550 DEBUG 20196 --- [http-nio-8080-exec-1] o.s.web.servlet.view.JstlView            : View name 'owners', model {owners=[Owner{id=1, firstName='Kerim', lastName='Sekili'}, Owner{id=2, firstName='Ahmet', lastName='Eren'}, Owner{id=3, firstName='Zeynep', lastName='Demir'}, Owner{id=4, firstName='Selinay', lastName='Cengiz'}]}
2022-09-28 18:45:55.552 DEBUG 20196 --- [http-nio-8080-exec-1] o.s.web.servlet.view.JstlView            : Forwarding to [/WEB-INF/jsp/owners.jsp]
2022-09-28 18:45:56.062 DEBUG 20196 --- [http-nio-8080-exec-1] o.s.web.servlet.DispatcherServlet        : Completed 200 OK
2022-09-28 18:45:56.256 DEBUG 20196 --- [http-nio-8080-exec-2] o.s.web.servlet.DispatcherServlet        : GET "/favicon.ico", parameters={}
2022-09-28 18:45:56.259 DEBUG 20196 --- [http-nio-8080-exec-2] o.s.w.s.handler.SimpleUrlHandlerMapping  : Mapped to ResourceHttpRequestHandler [classpath [META-INF/resources/], classpath [resources/], classpath [static/], classpath [public/], ServletContext [/]]
2022-09-28 18:45:56.261 DEBUG 20196 --- [http-nio-8080-exec-2] o.s.w.s.r.ResourceHttpRequestHandler     : Resource not found
2022-09-28 18:45:56.261 DEBUG 20196 --- [http-nio-8080-exec-2] o.s.web.servlet.DispatcherServlet        : Completed 404 NOT_FOUND
2022-09-28 18:45:56.261 DEBUG 20196 --- [http-nio-8080-exec-2] o.s.web.servlet.DispatcherServlet        : "ERROR" dispatch for GET "/error", parameters={}
2022-09-28 18:45:56.265 DEBUG 20196 --- [http-nio-8080-exec-2] s.w.s.m.m.a.RequestMappingHandlerMapping : Mapped to org.springframework.boot.autoconfigure.web.servlet.error.BasicErrorController#error(HttpServletRequest)
2022-09-28 18:45:56.273 DEBUG 20196 --- [http-nio-8080-exec-2] o.s.w.s.m.m.a.HttpEntityMethodProcessor  : Using 'application/json;q=0.8', given [image/avif, image/webp, image/apng, image/svg+xml, image/*, */*;q=0.8] and supported [application/json, application/*+json, application/json, application/*+json]
2022-09-28 18:45:56.273 DEBUG 20196 --- [http-nio-8080-exec-2] o.s.w.s.m.m.a.HttpEntityMethodProcessor  : Writing [{timestamp=Wed Sep 28 18:45:56 TRT 2022, status=404, error=Not Found, message=No message available,  (truncated)...]
2022-09-28 18:45:56.289 DEBUG 20196 --- [http-nio-8080-exec-2] o.s.web.servlet.DispatcherServlet        : Exiting from "ERROR" dispatch, status 404
2022-09-28 18:45:59.022 DEBUG 20196 --- [http-nio-8080-exec-3] o.s.web.servlet.DispatcherServlet        : GET "/owner", parameters={}
2022-09-28 18:45:59.023 DEBUG 20196 --- [http-nio-8080-exec-3] o.s.w.s.handler.SimpleUrlHandlerMapping  : Mapped to ResourceHttpRequestHandler [classpath [META-INF/resources/], classpath [resources/], classpath [static/], classpath [public/], ServletContext [/]]
2022-09-28 18:45:59.025 DEBUG 20196 --- [http-nio-8080-exec-3] o.s.w.s.r.ResourceHttpRequestHandler     : Resource not found
2022-09-28 18:45:59.025 DEBUG 20196 --- [http-nio-8080-exec-3] o.s.web.servlet.DispatcherServlet        : Completed 404 NOT_FOUND
2022-09-28 18:45:59.026 DEBUG 20196 --- [http-nio-8080-exec-3] o.s.web.servlet.DispatcherServlet        : "ERROR" dispatch for GET "/error", parameters={}
2022-09-28 18:45:59.027 DEBUG 20196 --- [http-nio-8080-exec-3] s.w.s.m.m.a.RequestMappingHandlerMapping : Mapped to org.springframework.boot.autoconfigure.web.servlet.error.BasicErrorController#errorHtml(HttpServletRequest, HttpServletResponse)
2022-09-28 18:45:59.034 DEBUG 20196 --- [http-nio-8080-exec-3] o.s.web.servlet.DispatcherServlet        : Exiting from "ERROR" dispatch, status 404
2022-09-28 18:46:06.641 DEBUG 20196 --- [http-nio-8080-exec-4] o.s.web.servlet.DispatcherServlet        : GET "/rest/owner", parameters={}
2022-09-28 18:46:06.641 DEBUG 20196 --- [http-nio-8080-exec-4] s.w.s.m.m.a.RequestMappingHandlerMapping : Mapped to com.example.petclinic.web.PetClinicRestController#getOwners(String)
2022-09-28 18:46:06.644 DEBUG 20196 --- [http-nio-8080-exec-4] o.s.web.method.HandlerMethod             : Could not resolve parameter [0] in public org.springframework.http.ResponseEntity<java.util.List<com.example.petclinic.model.Owner>> com.example.petclinic.web.PetClinicRestController.getOwners(java.lang.String): Required request parameter 'ln' for method parameter type String is not present
2022-09-28 18:46:06.645  WARN 20196 --- [http-nio-8080-exec-4] .w.s.m.s.DefaultHandlerExceptionResolver : Resolved [org.springframework.web.bind.MissingServletRequestParameterException: Required request parameter 'ln' for method parameter type String is not present]
2022-09-28 18:46:06.645 DEBUG 20196 --- [http-nio-8080-exec-4] o.s.web.servlet.DispatcherServlet        : Completed 400 BAD_REQUEST
2022-09-28 18:46:06.646 DEBUG 20196 --- [http-nio-8080-exec-4] o.s.web.servlet.DispatcherServlet        : "ERROR" dispatch for GET "/error", parameters={}
2022-09-28 18:46:06.647 DEBUG 20196 --- [http-nio-8080-exec-4] s.w.s.m.m.a.RequestMappingHandlerMapping : Mapped to org.springframework.boot.autoconfigure.web.servlet.error.BasicErrorController#errorHtml(HttpServletRequest, HttpServletResponse)
2022-09-28 18:46:06.657 DEBUG 20196 --- [http-nio-8080-exec-4] o.s.w.s.v.ContentNegotiatingViewResolver : Selected 'text/html' given [text/html, text/html;q=0.8]
2022-09-28 18:46:06.660 DEBUG 20196 --- [http-nio-8080-exec-4] o.s.web.servlet.DispatcherServlet        : Exiting from "ERROR" dispatch, status 400
2022-09-28 18:46:08.630 DEBUG 20196 --- [http-nio-8080-exec-5] o.s.web.servlet.DispatcherServlet        : GET "/rest/owner", parameters={}
2022-09-28 18:46:08.630 DEBUG 20196 --- [http-nio-8080-exec-5] s.w.s.m.m.a.RequestMappingHandlerMapping : Mapped to com.example.petclinic.web.PetClinicRestController#getOwners(String)
2022-09-28 18:46:08.631 DEBUG 20196 --- [http-nio-8080-exec-5] o.s.web.method.HandlerMethod             : Could not resolve parameter [0] in public org.springframework.http.ResponseEntity<java.util.List<com.example.petclinic.model.Owner>> com.example.petclinic.web.PetClinicRestController.getOwners(java.lang.String): Required request parameter 'ln' for method parameter type String is not present
2022-09-28 18:46:08.631  WARN 20196 --- [http-nio-8080-exec-5] .w.s.m.s.DefaultHandlerExceptionResolver : Resolved [org.springframework.web.bind.MissingServletRequestParameterException: Required request parameter 'ln' for method parameter type String is not present]
2022-09-28 18:46:08.631 DEBUG 20196 --- [http-nio-8080-exec-5] o.s.web.servlet.DispatcherServlet        : Completed 400 BAD_REQUEST
2022-09-28 18:46:08.631 DEBUG 20196 --- [http-nio-8080-exec-5] o.s.web.servlet.DispatcherServlet        : "ERROR" dispatch for GET "/error", parameters={}
2022-09-28 18:46:08.632 DEBUG 20196 --- [http-nio-8080-exec-5] s.w.s.m.m.a.RequestMappingHandlerMapping : Mapped to org.springframework.boot.autoconfigure.web.servlet.error.BasicErrorController#errorHtml(HttpServletRequest, HttpServletResponse)
2022-09-28 18:46:08.642 DEBUG 20196 --- [http-nio-8080-exec-5] o.s.w.s.v.ContentNegotiatingViewResolver : Selected 'text/html' given [text/html, text/html;q=0.8]
2022-09-28 18:46:08.643 DEBUG 20196 --- [http-nio-8080-exec-5] o.s.web.servlet.DispatcherServlet        : Exiting from "ERROR" dispatch, status 400
2022-09-28 18:46:25.606 DEBUG 20196 --- [http-nio-8080-exec-6] o.s.web.servlet.DispatcherServlet        : GET "/rest/owner", parameters={}
2022-09-28 18:46:25.607 DEBUG 20196 --- [http-nio-8080-exec-6] s.w.s.m.m.a.RequestMappingHandlerMapping : Mapped to com.example.petclinic.web.PetClinicRestController#getOwners(String)
2022-09-28 18:46:25.607 DEBUG 20196 --- [http-nio-8080-exec-6] o.s.web.method.HandlerMethod             : Could not resolve parameter [0] in public org.springframework.http.ResponseEntity<java.util.List<com.example.petclinic.model.Owner>> com.example.petclinic.web.PetClinicRestController.getOwners(java.lang.String): Required request parameter 'ln' for method parameter type String is not present
2022-09-28 18:46:25.607  WARN 20196 --- [http-nio-8080-exec-6] .w.s.m.s.DefaultHandlerExceptionResolver : Resolved [org.springframework.web.bind.MissingServletRequestParameterException: Required request parameter 'ln' for method parameter type String is not present]
2022-09-28 18:46:25.608 DEBUG 20196 --- [http-nio-8080-exec-6] o.s.web.servlet.DispatcherServlet        : Completed 400 BAD_REQUEST
2022-09-28 18:46:25.608 DEBUG 20196 --- [http-nio-8080-exec-6] o.s.web.servlet.DispatcherServlet        : "ERROR" dispatch for GET "/error", parameters={}
2022-09-28 18:46:25.609 DEBUG 20196 --- [http-nio-8080-exec-6] s.w.s.m.m.a.RequestMappingHandlerMapping : Mapped to org.springframework.boot.autoconfigure.web.servlet.error.BasicErrorController#errorHtml(HttpServletRequest, HttpServletResponse)
2022-09-28 18:46:25.619 DEBUG 20196 --- [http-nio-8080-exec-6] o.s.w.s.v.ContentNegotiatingViewResolver : Selected 'text/html' given [text/html, text/html;q=0.8]
2022-09-28 18:46:25.620 DEBUG 20196 --- [http-nio-8080-exec-6] o.s.web.servlet.DispatcherServlet        : Exiting from "ERROR" dispatch, status 400
2022-09-28 18:49:36.150 DEBUG 20196 --- [http-nio-8080-exec-8] o.s.web.servlet.DispatcherServlet        : GET "/rest/owner", parameters={}
2022-09-28 18:49:36.151 DEBUG 20196 --- [http-nio-8080-exec-8] s.w.s.m.m.a.RequestMappingHandlerMapping : Mapped to com.example.petclinic.web.PetClinicRestController#getOwners(String)
2022-09-28 18:49:36.151 DEBUG 20196 --- [http-nio-8080-exec-8] o.s.web.method.HandlerMethod             : Could not resolve parameter [0] in public org.springframework.http.ResponseEntity<java.util.List<com.example.petclinic.model.Owner>> com.example.petclinic.web.PetClinicRestController.getOwners(java.lang.String): Required request parameter 'ln' for method parameter type String is not present
2022-09-28 18:49:36.152  WARN 20196 --- [http-nio-8080-exec-8] .w.s.m.s.DefaultHandlerExceptionResolver : Resolved [org.springframework.web.bind.MissingServletRequestParameterException: Required request parameter 'ln' for method parameter type String is not present]
2022-09-28 18:49:36.152 DEBUG 20196 --- [http-nio-8080-exec-8] o.s.web.servlet.DispatcherServlet        : Completed 400 BAD_REQUEST
2022-09-28 18:49:36.152 DEBUG 20196 --- [http-nio-8080-exec-8] o.s.web.servlet.DispatcherServlet        : "ERROR" dispatch for GET "/error", parameters={}
2022-09-28 18:49:36.153 DEBUG 20196 --- [http-nio-8080-exec-8] s.w.s.m.m.a.RequestMappingHandlerMapping : Mapped to org.springframework.boot.autoconfigure.web.servlet.error.BasicErrorController#errorHtml(HttpServletRequest, HttpServletResponse)
2022-09-28 18:49:36.163 DEBUG 20196 --- [http-nio-8080-exec-8] o.s.w.s.v.ContentNegotiatingViewResolver : Selected 'text/html' given [text/html, text/html;q=0.8]
2022-09-28 18:49:36.164 DEBUG 20196 --- [http-nio-8080-exec-8] o.s.web.servlet.DispatcherServlet        : Exiting from "ERROR" dispatch, status 400
2022-09-28 18:49:37.367 DEBUG 20196 --- [http-nio-8080-exec-9] o.s.web.servlet.DispatcherServlet        : GET "/rest/owners", parameters={}
2022-09-28 18:49:37.370 DEBUG 20196 --- [http-nio-8080-exec-9] s.w.s.m.m.a.RequestMappingHandlerMapping : Mapped to com.example.petclinic.web.PetClinicRestController#getOwners()
2022-09-28 18:49:37.375 DEBUG 20196 --- [http-nio-8080-exec-9] o.s.w.s.m.m.a.HttpEntityMethodProcessor  : Using 'application/json;q=0.8', given [text/html, application/xhtml+xml, image/avif, image/webp, image/apng, application/xml;q=0.9, application/signed-exchange;v=b3;q=0.9, */*;q=0.8] and supported [application/json, application/*+json, application/json, application/*+json]
2022-09-28 18:49:37.377 DEBUG 20196 --- [http-nio-8080-exec-9] o.s.w.s.m.m.a.HttpEntityMethodProcessor  : Writing [[Owner{id=1, firstName='Kerim', lastName='Sekili'}, Owner{id=2, firstName='Ahmet', lastName='Eren'}, (truncated)...]
2022-09-28 18:49:37.382 DEBUG 20196 --- [http-nio-8080-exec-9] o.s.web.servlet.DispatcherServlet        : Completed 200 OK
2022-09-28 18:49:44.155 DEBUG 20196 --- [http-nio-8080-exec-10] o.s.web.servlet.DispatcherServlet        : GET "/rest/owners", parameters={}
2022-09-28 18:49:44.156 DEBUG 20196 --- [http-nio-8080-exec-10] s.w.s.m.m.a.RequestMappingHandlerMapping : Mapped to com.example.petclinic.web.PetClinicRestController#getOwners()
2022-09-28 18:49:44.156 DEBUG 20196 --- [http-nio-8080-exec-10] o.s.w.s.m.m.a.HttpEntityMethodProcessor  : Using 'application/json;q=0.8', given [text/html, application/xhtml+xml, image/avif, image/webp, image/apng, application/xml;q=0.9, application/signed-exchange;v=b3;q=0.9, */*;q=0.8] and supported [application/json, application/*+json, application/json, application/*+json]
2022-09-28 18:49:44.156 DEBUG 20196 --- [http-nio-8080-exec-10] o.s.w.s.m.m.a.HttpEntityMethodProcessor  : Writing [[Owner{id=1, firstName='Kerim', lastName='Sekili'}, Owner{id=2, firstName='Ahmet', lastName='Eren'}, (truncated)...]
2022-09-28 18:49:44.157 DEBUG 20196 --- [http-nio-8080-exec-10] o.s.web.servlet.DispatcherServlet        : Completed 200 OK
2022-09-28 18:54:29.591  INFO 1764 --- [restartedMain] c.e.petclinic.PetClinicApplication       : Starting PetClinicApplication using Java 17.0.2 on DESKTOP-VJAHNT7 with PID 1764 (C:\Users\kerim\IdeaProjects\PetClinic\target\classes started by kerim in C:\Users\kerim\IdeaProjects\PetClinic)
2022-09-28 18:54:29.592  INFO 1764 --- [restartedMain] c.e.petclinic.PetClinicApplication       : The following 1 profile is active: "dev"
2022-09-28 18:54:29.633  INFO 1764 --- [restartedMain] .e.DevToolsPropertyDefaultsPostProcessor : Devtools property defaults active! Set 'spring.devtools.add-properties' to 'false' to disable
2022-09-28 18:54:29.633  INFO 1764 --- [restartedMain] .e.DevToolsPropertyDefaultsPostProcessor : For additional web related logging consider setting the 'logging.level.web' property to 'DEBUG'
2022-09-28 18:54:30.527  INFO 1764 --- [restartedMain] o.s.b.w.embedded.tomcat.TomcatWebServer  : Tomcat initialized with port(s): 8080 (http)
2022-09-28 18:54:30.534  INFO 1764 --- [restartedMain] o.apache.catalina.core.StandardService   : Starting service [Tomcat]
2022-09-28 18:54:30.534  INFO 1764 --- [restartedMain] org.apache.catalina.core.StandardEngine  : Starting Servlet engine: [Apache Tomcat/9.0.65]
2022-09-28 18:54:30.722  INFO 1764 --- [restartedMain] org.apache.jasper.servlet.TldScanner     : At least one JAR was scanned for TLDs yet contained no TLDs. Enable debug logging for this logger for a complete list of JARs that were scanned but no TLDs were found in them. Skipping unneeded JARs during scanning can improve startup time and JSP compilation time.
2022-09-28 18:54:30.737  INFO 1764 --- [restartedMain] o.a.c.c.C.[Tomcat].[localhost].[/]       : Initializing Spring embedded WebApplicationContext
2022-09-28 18:54:30.737  INFO 1764 --- [restartedMain] w.s.c.ServletWebServerApplicationContext : Root WebApplicationContext: initialization completed in 1104 ms
2022-09-28 18:54:30.978 DEBUG 1764 --- [restartedMain] s.w.s.m.m.a.RequestMappingHandlerAdapter : ControllerAdvice beans: 0 @ModelAttribute, 0 @InitBinder, 1 RequestBodyAdvice, 1 ResponseBodyAdvice
2022-09-28 18:54:31.003  INFO 1764 --- [restartedMain] o.s.b.a.w.s.WelcomePageHandlerMapping    : Adding welcome page: class path resource [public/index.html]
2022-09-28 18:54:31.032 DEBUG 1764 --- [restartedMain] s.w.s.m.m.a.RequestMappingHandlerMapping : 8 mappings in 'requestMappingHandlerMapping'
2022-09-28 18:54:31.046 DEBUG 1764 --- [restartedMain] o.s.w.s.handler.SimpleUrlHandlerMapping  : Patterns [/webjars/**, /**] in 'resourceHandlerMapping'
2022-09-28 18:54:31.052 DEBUG 1764 --- [restartedMain] .m.m.a.ExceptionHandlerExceptionResolver : ControllerAdvice beans: 0 @ExceptionHandler, 1 ResponseBodyAdvice
2022-09-28 18:54:31.234  INFO 1764 --- [restartedMain] o.s.b.d.a.OptionalLiveReloadServer       : LiveReload server is running on port 35729
2022-09-28 18:54:31.238  INFO 1764 --- [restartedMain] o.s.b.a.e.web.EndpointLinksResolver      : Exposing 15 endpoint(s) beneath base path '/actuator'
2022-09-28 18:54:31.282  INFO 1764 --- [restartedMain] o.s.b.w.embedded.tomcat.TomcatWebServer  : Tomcat started on port(s): 8080 (http) with context path ''
2022-09-28 18:54:31.296  INFO 1764 --- [restartedMain] c.e.petclinic.PetClinicApplication       : Started PetClinicApplication in 2.046 seconds (JVM running for 2.62)
2022-09-28 18:54:31.688  INFO 1764 --- [RMI TCP Connection(3)-192.168.1.33] o.a.c.c.C.[Tomcat].[localhost].[/]       : Initializing Spring DispatcherServlet 'dispatcherServlet'
2022-09-28 18:54:31.688  INFO 1764 --- [RMI TCP Connection(3)-192.168.1.33] o.s.web.servlet.DispatcherServlet        : Initializing Servlet 'dispatcherServlet'
2022-09-28 18:54:31.688 DEBUG 1764 --- [RMI TCP Connection(3)-192.168.1.33] o.s.web.servlet.DispatcherServlet        : Detected StandardServletMultipartResolver
2022-09-28 18:54:31.688 DEBUG 1764 --- [RMI TCP Connection(3)-192.168.1.33] o.s.web.servlet.DispatcherServlet        : Detected AcceptHeaderLocaleResolver
2022-09-28 18:54:31.688 DEBUG 1764 --- [RMI TCP Connection(3)-192.168.1.33] o.s.web.servlet.DispatcherServlet        : Detected FixedThemeResolver
2022-09-28 18:54:31.689 DEBUG 1764 --- [RMI TCP Connection(3)-192.168.1.33] o.s.web.servlet.DispatcherServlet        : Detected org.springframework.web.servlet.view.DefaultRequestToViewNameTranslator@57e34262
2022-09-28 18:54:31.689 DEBUG 1764 --- [RMI TCP Connection(3)-192.168.1.33] o.s.web.servlet.DispatcherServlet        : Detected org.springframework.web.servlet.support.SessionFlashMapManager@49325ccb
2022-09-28 18:54:31.689 DEBUG 1764 --- [RMI TCP Connection(3)-192.168.1.33] o.s.web.servlet.DispatcherServlet        : enableLoggingRequestDetails='false': request parameters and headers will be masked to prevent unsafe logging of potentially sensitive data
2022-09-28 18:54:31.689  INFO 1764 --- [RMI TCP Connection(3)-192.168.1.33] o.s.web.servlet.DispatcherServlet        : Completed initialization in 1 ms
2022-09-28 18:54:40.442 DEBUG 1764 --- [http-nio-8080-exec-1] o.s.web.servlet.DispatcherServlet        : GET "/rest/owner/1", parameters={}
2022-09-28 18:54:40.448 DEBUG 1764 --- [http-nio-8080-exec-1] s.w.s.m.m.a.RequestMappingHandlerMapping : Mapped to com.example.petclinic.web.PetClinicRestController#getOwner(Long)
2022-09-28 18:54:40.467 DEBUG 1764 --- [http-nio-8080-exec-1] o.s.w.s.m.m.a.HttpEntityMethodProcessor  : Using 'application/json', given [application/json, application/*+json] and supported [application/json, application/*+json, application/json, application/*+json]
2022-09-28 18:54:40.468 DEBUG 1764 --- [http-nio-8080-exec-1] o.s.w.s.m.m.a.HttpEntityMethodProcessor  : Writing [Owner{id=1, firstName='Kerim', lastName='Sekili'}]
2022-09-28 18:54:40.477 DEBUG 1764 --- [http-nio-8080-exec-1] o.s.web.servlet.DispatcherServlet        : Completed 200 OK
2022-09-28 18:55:08.674 DEBUG 1764 --- [http-nio-8080-exec-2] o.s.web.servlet.DispatcherServlet        : POST "/rest/owner", parameters={}
2022-09-28 18:55:08.674 DEBUG 1764 --- [http-nio-8080-exec-2] s.w.s.m.m.a.RequestMappingHandlerMapping : Mapped to com.example.petclinic.web.PetClinicRestController#createOwner(Owner)
2022-09-28 18:55:08.694 DEBUG 1764 --- [http-nio-8080-exec-2] m.m.a.RequestResponseBodyMethodProcessor : Read "application/json;charset=UTF-8" to [Owner{id=null, firstName='Furkan', lastName='Sekili'}]
2022-09-28 18:55:08.704 DEBUG 1764 --- [http-nio-8080-exec-2] o.s.w.s.m.m.a.HttpEntityMethodProcessor  : Using 'application/json;q=.2', given [text/html, image/gif, image/jpeg, */*;q=.2, */*;q=.2] and supported [application/json, application/*+json, application/json, application/*+json]
2022-09-28 18:55:08.704 DEBUG 1764 --- [http-nio-8080-exec-2] o.s.w.s.m.m.a.HttpEntityMethodProcessor  : Nothing to write: null body
2022-09-28 18:55:08.704 DEBUG 1764 --- [http-nio-8080-exec-2] o.s.web.servlet.DispatcherServlet        : Completed 201 CREATED
2022-09-28 18:55:08.734 DEBUG 1764 --- [http-nio-8080-exec-4] o.s.web.servlet.DispatcherServlet        : GET "/rest/owner/1664380508696", parameters={}
2022-09-28 18:55:08.735 DEBUG 1764 --- [http-nio-8080-exec-4] s.w.s.m.m.a.RequestMappingHandlerMapping : Mapped to com.example.petclinic.web.PetClinicRestController#getOwner(Long)
2022-09-28 18:55:08.735 DEBUG 1764 --- [http-nio-8080-exec-4] o.s.w.s.m.m.a.HttpEntityMethodProcessor  : Using 'application/json', given [application/json, application/*+json] and supported [application/json, application/*+json, application/json, application/*+json]
2022-09-28 18:55:08.736 DEBUG 1764 --- [http-nio-8080-exec-4] o.s.w.s.m.m.a.HttpEntityMethodProcessor  : Writing [Owner{id=1664380508696, firstName='Furkan', lastName='Sekili'}]
2022-09-28 18:55:08.736 DEBUG 1764 --- [http-nio-8080-exec-4] o.s.web.servlet.DispatcherServlet        : Completed 200 OK
2022-09-28 18:55:18.664 DEBUG 1764 --- [http-nio-8080-exec-6] o.s.web.servlet.DispatcherServlet        : GET "/rest/owners", parameters={}
2022-09-28 18:55:18.666 DEBUG 1764 --- [http-nio-8080-exec-6] s.w.s.m.m.a.RequestMappingHandlerMapping : Mapped to com.example.petclinic.web.PetClinicRestController#getOwners()
2022-09-28 18:55:18.667 DEBUG 1764 --- [http-nio-8080-exec-6] o.s.w.s.m.m.a.HttpEntityMethodProcessor  : Using 'application/json;q=0.8', given [text/html, application/xhtml+xml, image/avif, image/webp, image/apng, application/xml;q=0.9, application/signed-exchange;v=b3;q=0.9, */*;q=0.8] and supported [application/json, application/*+json, application/json, application/*+json]
2022-09-28 18:55:18.667 DEBUG 1764 --- [http-nio-8080-exec-6] o.s.w.s.m.m.a.HttpEntityMethodProcessor  : Writing [[Owner{id=1, firstName='Kerim', lastName='Sekili'}, Owner{id=2, firstName='Ahmet', lastName='Eren'}, (truncated)...]
2022-09-28 18:55:18.668 DEBUG 1764 --- [http-nio-8080-exec-6] o.s.web.servlet.DispatcherServlet        : Completed 200 OK
2022-09-28 18:55:37.998 DEBUG 1764 --- [http-nio-8080-exec-7] o.s.web.servlet.DispatcherServlet        : GET "/rest/owner?ln=Sekili", parameters={masked}
2022-09-28 18:55:37.999 DEBUG 1764 --- [http-nio-8080-exec-7] s.w.s.m.m.a.RequestMappingHandlerMapping : Mapped to com.example.petclinic.web.PetClinicRestController#getOwners(String)
2022-09-28 18:55:38.002 DEBUG 1764 --- [http-nio-8080-exec-7] o.s.w.s.m.m.a.HttpEntityMethodProcessor  : Using 'application/json;q=0.8', given [text/html, application/xhtml+xml, image/avif, image/webp, image/apng, application/xml;q=0.9, application/signed-exchange;v=b3;q=0.9, */*;q=0.8] and supported [application/json, application/*+json, application/json, application/*+json]
2022-09-28 18:55:38.002 DEBUG 1764 --- [http-nio-8080-exec-7] o.s.w.s.m.m.a.HttpEntityMethodProcessor  : Writing [[Owner{id=1, firstName='Kerim', lastName='Sekili'}, Owner{id=1664380508696, firstName='Furkan', last (truncated)...]
2022-09-28 18:55:38.003 DEBUG 1764 --- [http-nio-8080-exec-7] o.s.web.servlet.DispatcherServlet        : Completed 200 OK
2022-09-28 19:08:18.262  INFO 14496 --- [restartedMain] c.e.petclinic.PetClinicApplication       : Starting PetClinicApplication using Java 17.0.2 on DESKTOP-VJAHNT7 with PID 14496 (C:\Users\kerim\IdeaProjects\PetClinic\target\classes started by kerim in C:\Users\kerim\IdeaProjects\PetClinic)
2022-09-28 19:08:18.264  INFO 14496 --- [restartedMain] c.e.petclinic.PetClinicApplication       : The following 1 profile is active: "dev"
2022-09-28 19:08:18.307  INFO 14496 --- [restartedMain] .e.DevToolsPropertyDefaultsPostProcessor : Devtools property defaults active! Set 'spring.devtools.add-properties' to 'false' to disable
2022-09-28 19:08:18.307  INFO 14496 --- [restartedMain] .e.DevToolsPropertyDefaultsPostProcessor : For additional web related logging consider setting the 'logging.level.web' property to 'DEBUG'
2022-09-28 19:08:19.184  INFO 14496 --- [restartedMain] o.s.b.w.embedded.tomcat.TomcatWebServer  : Tomcat initialized with port(s): 8080 (http)
2022-09-28 19:08:19.191  INFO 14496 --- [restartedMain] o.apache.catalina.core.StandardService   : Starting service [Tomcat]
2022-09-28 19:08:19.191  INFO 14496 --- [restartedMain] org.apache.catalina.core.StandardEngine  : Starting Servlet engine: [Apache Tomcat/9.0.65]
2022-09-28 19:08:19.392  INFO 14496 --- [restartedMain] org.apache.jasper.servlet.TldScanner     : At least one JAR was scanned for TLDs yet contained no TLDs. Enable debug logging for this logger for a complete list of JARs that were scanned but no TLDs were found in them. Skipping unneeded JARs during scanning can improve startup time and JSP compilation time.
2022-09-28 19:08:19.409  INFO 14496 --- [restartedMain] o.a.c.c.C.[Tomcat].[localhost].[/]       : Initializing Spring embedded WebApplicationContext
2022-09-28 19:08:19.409  INFO 14496 --- [restartedMain] w.s.c.ServletWebServerApplicationContext : Root WebApplicationContext: initialization completed in 1102 ms
2022-09-28 19:08:19.644 DEBUG 14496 --- [restartedMain] s.w.s.m.m.a.RequestMappingHandlerAdapter : ControllerAdvice beans: 0 @ModelAttribute, 0 @InitBinder, 1 RequestBodyAdvice, 1 ResponseBodyAdvice
2022-09-28 19:08:19.668  INFO 14496 --- [restartedMain] o.s.b.a.w.s.WelcomePageHandlerMapping    : Adding welcome page: class path resource [public/index.html]
2022-09-28 19:08:19.698 DEBUG 14496 --- [restartedMain] s.w.s.m.m.a.RequestMappingHandlerMapping : 8 mappings in 'requestMappingHandlerMapping'
2022-09-28 19:08:19.714 DEBUG 14496 --- [restartedMain] o.s.w.s.handler.SimpleUrlHandlerMapping  : Patterns [/webjars/**, /**] in 'resourceHandlerMapping'
2022-09-28 19:08:19.719 DEBUG 14496 --- [restartedMain] .m.m.a.ExceptionHandlerExceptionResolver : ControllerAdvice beans: 0 @ExceptionHandler, 1 ResponseBodyAdvice
2022-09-28 19:08:19.904  INFO 14496 --- [restartedMain] o.s.b.d.a.OptionalLiveReloadServer       : LiveReload server is running on port 35729
2022-09-28 19:08:19.908  INFO 14496 --- [restartedMain] o.s.b.a.e.web.EndpointLinksResolver      : Exposing 15 endpoint(s) beneath base path '/actuator'
2022-09-28 19:08:19.950  INFO 14496 --- [restartedMain] o.s.b.w.embedded.tomcat.TomcatWebServer  : Tomcat started on port(s): 8080 (http) with context path ''
2022-09-28 19:08:19.964  INFO 14496 --- [restartedMain] c.e.petclinic.PetClinicApplication       : Started PetClinicApplication in 2.026 seconds (JVM running for 2.527)
2022-09-28 19:08:20.338  INFO 14496 --- [RMI TCP Connection(2)-192.168.1.33] o.a.c.c.C.[Tomcat].[localhost].[/]       : Initializing Spring DispatcherServlet 'dispatcherServlet'
2022-09-28 19:08:20.339  INFO 14496 --- [RMI TCP Connection(2)-192.168.1.33] o.s.web.servlet.DispatcherServlet        : Initializing Servlet 'dispatcherServlet'
2022-09-28 19:08:20.339 DEBUG 14496 --- [RMI TCP Connection(2)-192.168.1.33] o.s.web.servlet.DispatcherServlet        : Detected StandardServletMultipartResolver
2022-09-28 19:08:20.339 DEBUG 14496 --- [RMI TCP Connection(2)-192.168.1.33] o.s.web.servlet.DispatcherServlet        : Detected AcceptHeaderLocaleResolver
2022-09-28 19:08:20.339 DEBUG 14496 --- [RMI TCP Connection(2)-192.168.1.33] o.s.web.servlet.DispatcherServlet        : Detected FixedThemeResolver
2022-09-28 19:08:20.340 DEBUG 14496 --- [RMI TCP Connection(2)-192.168.1.33] o.s.web.servlet.DispatcherServlet        : Detected org.springframework.web.servlet.view.DefaultRequestToViewNameTranslator@7e0214b2
2022-09-28 19:08:20.340 DEBUG 14496 --- [RMI TCP Connection(2)-192.168.1.33] o.s.web.servlet.DispatcherServlet        : Detected org.springframework.web.servlet.support.SessionFlashMapManager@658f9c3
2022-09-28 19:08:20.340 DEBUG 14496 --- [RMI TCP Connection(2)-192.168.1.33] o.s.web.servlet.DispatcherServlet        : enableLoggingRequestDetails='false': request parameters and headers will be masked to prevent unsafe logging of potentially sensitive data
2022-09-28 19:08:20.340  INFO 14496 --- [RMI TCP Connection(2)-192.168.1.33] o.s.web.servlet.DispatcherServlet        : Completed initialization in 1 ms
2022-09-28 19:08:27.175 DEBUG 14496 --- [http-nio-8080-exec-1] o.s.web.servlet.DispatcherServlet        : POST "/rest/owner", parameters={}
2022-09-28 19:08:27.181 DEBUG 14496 --- [http-nio-8080-exec-1] s.w.s.m.m.a.RequestMappingHandlerMapping : Mapped to com.example.petclinic.web.PetClinicRestController#createOwner(Owner)
2022-09-28 19:08:27.212 DEBUG 14496 --- [http-nio-8080-exec-1] m.m.a.RequestResponseBodyMethodProcessor : Read "application/json;charset=UTF-8" to [Owner{id=null, firstName='Furkan', lastName='Sekili'}]
2022-09-28 19:08:27.230 DEBUG 14496 --- [http-nio-8080-exec-1] o.s.w.s.m.m.a.HttpEntityMethodProcessor  : Using 'application/json;q=.2', given [text/html, image/gif, image/jpeg, */*;q=.2, */*;q=.2] and supported [application/json, application/*+json, application/json, application/*+json]
2022-09-28 19:08:27.230 DEBUG 14496 --- [http-nio-8080-exec-1] o.s.w.s.m.m.a.HttpEntityMethodProcessor  : Nothing to write: null body
2022-09-28 19:08:27.231 DEBUG 14496 --- [http-nio-8080-exec-1] o.s.web.servlet.DispatcherServlet        : Completed 201 CREATED
2022-09-28 19:08:27.265 DEBUG 14496 --- [http-nio-8080-exec-2] o.s.web.servlet.DispatcherServlet        : GET "/rest/owner/1664381307216", parameters={}
2022-09-28 19:08:27.266 DEBUG 14496 --- [http-nio-8080-exec-2] s.w.s.m.m.a.RequestMappingHandlerMapping : Mapped to com.example.petclinic.web.PetClinicRestController#getOwner(Long)
2022-09-28 19:08:27.269 DEBUG 14496 --- [http-nio-8080-exec-2] o.s.w.s.m.m.a.HttpEntityMethodProcessor  : Using 'application/json', given [application/json, application/*+json] and supported [application/json, application/*+json, application/json, application/*+json]
2022-09-28 19:08:27.269 DEBUG 14496 --- [http-nio-8080-exec-2] o.s.w.s.m.m.a.HttpEntityMethodProcessor  : Writing [Owner{id=1664381307216, firstName='Furkan', lastName='Sekili'}]
2022-09-28 19:08:27.278 DEBUG 14496 --- [http-nio-8080-exec-2] o.s.web.servlet.DispatcherServlet        : Completed 200 OK
2022-09-28 19:18:53.815  INFO 9844 --- [restartedMain] c.e.petclinic.PetClinicApplication       : Starting PetClinicApplication using Java 17.0.2 on DESKTOP-VJAHNT7 with PID 9844 (C:\Users\kerim\IdeaProjects\PetClinic\target\classes started by kerim in C:\Users\kerim\IdeaProjects\PetClinic)
2022-09-28 19:18:53.817  INFO 9844 --- [restartedMain] c.e.petclinic.PetClinicApplication       : The following 1 profile is active: "dev"
2022-09-28 19:18:53.890  INFO 9844 --- [restartedMain] .e.DevToolsPropertyDefaultsPostProcessor : Devtools property defaults active! Set 'spring.devtools.add-properties' to 'false' to disable
2022-09-28 19:18:53.890  INFO 9844 --- [restartedMain] .e.DevToolsPropertyDefaultsPostProcessor : For additional web related logging consider setting the 'logging.level.web' property to 'DEBUG'
2022-09-28 19:18:54.809  INFO 9844 --- [restartedMain] o.s.b.w.embedded.tomcat.TomcatWebServer  : Tomcat initialized with port(s): 8080 (http)
2022-09-28 19:18:54.816  INFO 9844 --- [restartedMain] o.apache.catalina.core.StandardService   : Starting service [Tomcat]
2022-09-28 19:18:54.816  INFO 9844 --- [restartedMain] org.apache.catalina.core.StandardEngine  : Starting Servlet engine: [Apache Tomcat/9.0.65]
2022-09-28 19:18:54.983  INFO 9844 --- [restartedMain] org.apache.jasper.servlet.TldScanner     : At least one JAR was scanned for TLDs yet contained no TLDs. Enable debug logging for this logger for a complete list of JARs that were scanned but no TLDs were found in them. Skipping unneeded JARs during scanning can improve startup time and JSP compilation time.
2022-09-28 19:18:54.997  INFO 9844 --- [restartedMain] o.a.c.c.C.[Tomcat].[localhost].[/]       : Initializing Spring embedded WebApplicationContext
2022-09-28 19:18:54.997  INFO 9844 --- [restartedMain] w.s.c.ServletWebServerApplicationContext : Root WebApplicationContext: initialization completed in 1106 ms
2022-09-28 19:18:55.218 DEBUG 9844 --- [restartedMain] s.w.s.m.m.a.RequestMappingHandlerAdapter : ControllerAdvice beans: 0 @ModelAttribute, 0 @InitBinder, 1 RequestBodyAdvice, 1 ResponseBodyAdvice
2022-09-28 19:18:55.239  INFO 9844 --- [restartedMain] o.s.b.a.w.s.WelcomePageHandlerMapping    : Adding welcome page: class path resource [public/index.html]
2022-09-28 19:18:55.267 DEBUG 9844 --- [restartedMain] s.w.s.m.m.a.RequestMappingHandlerMapping : 9 mappings in 'requestMappingHandlerMapping'
2022-09-28 19:18:55.281 DEBUG 9844 --- [restartedMain] o.s.w.s.handler.SimpleUrlHandlerMapping  : Patterns [/webjars/**, /**] in 'resourceHandlerMapping'
2022-09-28 19:18:55.286 DEBUG 9844 --- [restartedMain] .m.m.a.ExceptionHandlerExceptionResolver : ControllerAdvice beans: 0 @ExceptionHandler, 1 ResponseBodyAdvice
2022-09-28 19:18:55.442  INFO 9844 --- [restartedMain] o.s.b.d.a.OptionalLiveReloadServer       : LiveReload server is running on port 35729
2022-09-28 19:18:55.446  INFO 9844 --- [restartedMain] o.s.b.a.e.web.EndpointLinksResolver      : Exposing 15 endpoint(s) beneath base path '/actuator'
2022-09-28 19:18:55.486  INFO 9844 --- [restartedMain] o.s.b.w.embedded.tomcat.TomcatWebServer  : Tomcat started on port(s): 8080 (http) with context path ''
2022-09-28 19:18:55.499  INFO 9844 --- [restartedMain] c.e.petclinic.PetClinicApplication       : Started PetClinicApplication in 2.155 seconds (JVM running for 2.947)
2022-09-28 19:18:55.729  INFO 9844 --- [RMI TCP Connection(1)-192.168.1.33] o.a.c.c.C.[Tomcat].[localhost].[/]       : Initializing Spring DispatcherServlet 'dispatcherServlet'
2022-09-28 19:18:55.729  INFO 9844 --- [RMI TCP Connection(1)-192.168.1.33] o.s.web.servlet.DispatcherServlet        : Initializing Servlet 'dispatcherServlet'
2022-09-28 19:18:55.729 DEBUG 9844 --- [RMI TCP Connection(1)-192.168.1.33] o.s.web.servlet.DispatcherServlet        : Detected StandardServletMultipartResolver
2022-09-28 19:18:55.729 DEBUG 9844 --- [RMI TCP Connection(1)-192.168.1.33] o.s.web.servlet.DispatcherServlet        : Detected AcceptHeaderLocaleResolver
2022-09-28 19:18:55.730 DEBUG 9844 --- [RMI TCP Connection(1)-192.168.1.33] o.s.web.servlet.DispatcherServlet        : Detected FixedThemeResolver
2022-09-28 19:18:55.730 DEBUG 9844 --- [RMI TCP Connection(1)-192.168.1.33] o.s.web.servlet.DispatcherServlet        : Detected org.springframework.web.servlet.view.DefaultRequestToViewNameTranslator@1ba1c650
2022-09-28 19:18:55.730 DEBUG 9844 --- [RMI TCP Connection(1)-192.168.1.33] o.s.web.servlet.DispatcherServlet        : Detected org.springframework.web.servlet.support.SessionFlashMapManager@7660e13c
2022-09-28 19:18:55.730 DEBUG 9844 --- [RMI TCP Connection(1)-192.168.1.33] o.s.web.servlet.DispatcherServlet        : enableLoggingRequestDetails='false': request parameters and headers will be masked to prevent unsafe logging of potentially sensitive data
2022-09-28 19:18:55.731  INFO 9844 --- [RMI TCP Connection(1)-192.168.1.33] o.s.web.servlet.DispatcherServlet        : Completed initialization in 2 ms
2022-09-28 19:19:36.805  INFO 11208 --- [restartedMain] c.e.petclinic.PetClinicApplication       : Starting PetClinicApplication using Java 17.0.2 on DESKTOP-VJAHNT7 with PID 11208 (C:\Users\kerim\IdeaProjects\PetClinic\target\classes started by kerim in C:\Users\kerim\IdeaProjects\PetClinic)
2022-09-28 19:19:36.806  INFO 11208 --- [restartedMain] c.e.petclinic.PetClinicApplication       : The following 1 profile is active: "dev"
2022-09-28 19:19:36.848  INFO 11208 --- [restartedMain] .e.DevToolsPropertyDefaultsPostProcessor : Devtools property defaults active! Set 'spring.devtools.add-properties' to 'false' to disable
2022-09-28 19:19:36.849  INFO 11208 --- [restartedMain] .e.DevToolsPropertyDefaultsPostProcessor : For additional web related logging consider setting the 'logging.level.web' property to 'DEBUG'
2022-09-28 19:19:37.731  INFO 11208 --- [restartedMain] o.s.b.w.embedded.tomcat.TomcatWebServer  : Tomcat initialized with port(s): 8080 (http)
2022-09-28 19:19:37.740  INFO 11208 --- [restartedMain] o.apache.catalina.core.StandardService   : Starting service [Tomcat]
2022-09-28 19:19:37.740  INFO 11208 --- [restartedMain] org.apache.catalina.core.StandardEngine  : Starting Servlet engine: [Apache Tomcat/9.0.65]
2022-09-28 19:19:37.941  INFO 11208 --- [restartedMain] org.apache.jasper.servlet.TldScanner     : At least one JAR was scanned for TLDs yet contained no TLDs. Enable debug logging for this logger for a complete list of JARs that were scanned but no TLDs were found in them. Skipping unneeded JARs during scanning can improve startup time and JSP compilation time.
2022-09-28 19:19:37.959  INFO 11208 --- [restartedMain] o.a.c.c.C.[Tomcat].[localhost].[/]       : Initializing Spring embedded WebApplicationContext
2022-09-28 19:19:37.959  INFO 11208 --- [restartedMain] w.s.c.ServletWebServerApplicationContext : Root WebApplicationContext: initialization completed in 1110 ms
2022-09-28 19:19:38.198 DEBUG 11208 --- [restartedMain] s.w.s.m.m.a.RequestMappingHandlerAdapter : ControllerAdvice beans: 0 @ModelAttribute, 0 @InitBinder, 1 RequestBodyAdvice, 1 ResponseBodyAdvice
2022-09-28 19:19:38.223  INFO 11208 --- [restartedMain] o.s.b.a.w.s.WelcomePageHandlerMapping    : Adding welcome page: class path resource [public/index.html]
2022-09-28 19:19:38.253 DEBUG 11208 --- [restartedMain] s.w.s.m.m.a.RequestMappingHandlerMapping : 9 mappings in 'requestMappingHandlerMapping'
2022-09-28 19:19:38.268 DEBUG 11208 --- [restartedMain] o.s.w.s.handler.SimpleUrlHandlerMapping  : Patterns [/webjars/**, /**] in 'resourceHandlerMapping'
2022-09-28 19:19:38.274 DEBUG 11208 --- [restartedMain] .m.m.a.ExceptionHandlerExceptionResolver : ControllerAdvice beans: 0 @ExceptionHandler, 1 ResponseBodyAdvice
2022-09-28 19:19:38.449  INFO 11208 --- [restartedMain] o.s.b.d.a.OptionalLiveReloadServer       : LiveReload server is running on port 35729
2022-09-28 19:19:38.452  INFO 11208 --- [restartedMain] o.s.b.a.e.web.EndpointLinksResolver      : Exposing 15 endpoint(s) beneath base path '/actuator'
2022-09-28 19:19:38.495  INFO 11208 --- [restartedMain] o.s.b.w.embedded.tomcat.TomcatWebServer  : Tomcat started on port(s): 8080 (http) with context path ''
2022-09-28 19:19:38.512  INFO 11208 --- [restartedMain] c.e.petclinic.PetClinicApplication       : Started PetClinicApplication in 2.045 seconds (JVM running for 2.547)
2022-09-28 19:19:38.909  INFO 11208 --- [RMI TCP Connection(3)-192.168.1.33] o.a.c.c.C.[Tomcat].[localhost].[/]       : Initializing Spring DispatcherServlet 'dispatcherServlet'
2022-09-28 19:19:38.909  INFO 11208 --- [RMI TCP Connection(3)-192.168.1.33] o.s.web.servlet.DispatcherServlet        : Initializing Servlet 'dispatcherServlet'
2022-09-28 19:19:38.909 DEBUG 11208 --- [RMI TCP Connection(3)-192.168.1.33] o.s.web.servlet.DispatcherServlet        : Detected StandardServletMultipartResolver
2022-09-28 19:19:38.909 DEBUG 11208 --- [RMI TCP Connection(3)-192.168.1.33] o.s.web.servlet.DispatcherServlet        : Detected AcceptHeaderLocaleResolver
2022-09-28 19:19:38.909 DEBUG 11208 --- [RMI TCP Connection(3)-192.168.1.33] o.s.web.servlet.DispatcherServlet        : Detected FixedThemeResolver
2022-09-28 19:19:38.910 DEBUG 11208 --- [RMI TCP Connection(3)-192.168.1.33] o.s.web.servlet.DispatcherServlet        : Detected org.springframework.web.servlet.view.DefaultRequestToViewNameTranslator@1aae2465
2022-09-28 19:19:38.911 DEBUG 11208 --- [RMI TCP Connection(3)-192.168.1.33] o.s.web.servlet.DispatcherServlet        : Detected org.springframework.web.servlet.support.SessionFlashMapManager@4b30fa9a
2022-09-28 19:19:38.911 DEBUG 11208 --- [RMI TCP Connection(3)-192.168.1.33] o.s.web.servlet.DispatcherServlet        : enableLoggingRequestDetails='false': request parameters and headers will be masked to prevent unsafe logging of potentially sensitive data
2022-09-28 19:19:38.911  INFO 11208 --- [RMI TCP Connection(3)-192.168.1.33] o.s.web.servlet.DispatcherServlet        : Completed initialization in 2 ms
2022-09-28 19:19:45.343 DEBUG 11208 --- [http-nio-8080-exec-1] o.s.web.servlet.DispatcherServlet        : GET "/rest/owner/4", parameters={}
2022-09-28 19:19:45.349 DEBUG 11208 --- [http-nio-8080-exec-1] s.w.s.m.m.a.RequestMappingHandlerMapping : Mapped to com.example.petclinic.web.PetClinicRestController#getOwner(Long)
2022-09-28 19:19:45.368 DEBUG 11208 --- [http-nio-8080-exec-1] o.s.w.s.m.m.a.HttpEntityMethodProcessor  : Using 'application/json', given [application/json, application/*+json] and supported [application/json, application/*+json, application/json, application/*+json]
2022-09-28 19:19:45.368 DEBUG 11208 --- [http-nio-8080-exec-1] o.s.w.s.m.m.a.HttpEntityMethodProcessor  : Writing [Owner{id=4, firstName='Selinay', lastName='Cengiz'}]
2022-09-28 19:19:45.378 DEBUG 11208 --- [http-nio-8080-exec-1] o.s.web.servlet.DispatcherServlet        : Completed 200 OK
2022-09-28 19:19:45.419 DEBUG 11208 --- [http-nio-8080-exec-3] o.s.web.servlet.DispatcherServlet        : PUT "/rest/owner/4", parameters={}
2022-09-28 19:19:45.420 DEBUG 11208 --- [http-nio-8080-exec-3] s.w.s.m.m.a.RequestMappingHandlerMapping : Mapped to com.example.petclinic.web.PetClinicRestController#updateOwner(Long, Owner)
2022-09-28 19:19:45.439 DEBUG 11208 --- [http-nio-8080-exec-3] m.m.a.RequestResponseBodyMethodProcessor : Read "application/json;charset=UTF-8" to [Owner{id=4, firstName='Selinay Elif', lastName='Cengiz'}]
2022-09-28 19:19:45.441 DEBUG 11208 --- [http-nio-8080-exec-3] o.s.w.s.m.m.a.HttpEntityMethodProcessor  : Using 'application/octet-stream', given [*/*] and supported [*/*]
2022-09-28 19:19:45.441 DEBUG 11208 --- [http-nio-8080-exec-3] o.s.web.servlet.DispatcherServlet        : Completed 200 OK
2022-09-28 19:19:45.444 DEBUG 11208 --- [http-nio-8080-exec-2] o.s.web.servlet.DispatcherServlet        : GET "/rest/owner/4", parameters={}
2022-09-28 19:19:45.444 DEBUG 11208 --- [http-nio-8080-exec-2] s.w.s.m.m.a.RequestMappingHandlerMapping : Mapped to com.example.petclinic.web.PetClinicRestController#getOwner(Long)
2022-09-28 19:19:45.445 DEBUG 11208 --- [http-nio-8080-exec-2] o.s.w.s.m.m.a.HttpEntityMethodProcessor  : Using 'application/json', given [application/json, application/*+json] and supported [application/json, application/*+json, application/json, application/*+json]
2022-09-28 19:19:45.445 DEBUG 11208 --- [http-nio-8080-exec-2] o.s.w.s.m.m.a.HttpEntityMethodProcessor  : Writing [Owner{id=4, firstName='Selinay Elif', lastName='Selinay Elif'}]
2022-09-28 19:19:45.446 DEBUG 11208 --- [http-nio-8080-exec-2] o.s.web.servlet.DispatcherServlet        : Completed 200 OK
2022-09-28 19:20:04.897 DEBUG 11208 --- [http-nio-8080-exec-6] o.s.web.servlet.DispatcherServlet        : GET "/rest/owner/4", parameters={}
2022-09-28 19:20:04.899 DEBUG 11208 --- [http-nio-8080-exec-6] s.w.s.m.m.a.RequestMappingHandlerMapping : Mapped to com.example.petclinic.web.PetClinicRestController#getOwner(Long)
2022-09-28 19:20:04.900 DEBUG 11208 --- [http-nio-8080-exec-6] o.s.w.s.m.m.a.HttpEntityMethodProcessor  : Using 'application/json;q=0.8', given [text/html, application/xhtml+xml, image/avif, image/webp, image/apng, application/xml;q=0.9, application/signed-exchange;v=b3;q=0.9, */*;q=0.8] and supported [application/json, application/*+json, application/json, application/*+json]
2022-09-28 19:20:04.900 DEBUG 11208 --- [http-nio-8080-exec-6] o.s.w.s.m.m.a.HttpEntityMethodProcessor  : Writing [Owner{id=4, firstName='Selinay Elif', lastName='Selinay Elif'}]
2022-09-28 19:20:04.901 DEBUG 11208 --- [http-nio-8080-exec-6] o.s.web.servlet.DispatcherServlet        : Completed 200 OK
